<?xml version="1.0" encoding="UTF-8"?>
<!-- Generated by org.testng.reporters.JUnitXMLReporter -->
<testsuite hostname="LAPTOP-PPS" ignored="1" tests="3" failures="0" timestamp="16 Dec 2021 19:45:00 GMT" time="19.645" errors="0">
  <testcase name="t1" time="7.823" classname="PracTest"/>
  <testcase name="t2" time="0.714" classname="PracTest"/>
  <testcase name="t4" time="2.983" classname="PracTest"/>
  <testcase name="t3" time="0.0" classname="PracTest">
    <ignored/>
  </testcase> <!-- t3 -->
</testsuite>
