<?xml version="1.0" encoding="UTF-8"?>
<!-- Generated by org.testng.reporters.JUnitXMLReporter -->
<testsuite hostname="LAPTOP-PPS" ignored="1" name="Test1" tests="3" failures="0" timestamp="2022-09-16T02:36:27 IST" time="38.861" errors="0">
  <testcase name="t1" time="10.759" classname="testCases.ValidLoginPageTest"/>
  <testcase name="t2" time="8.752" classname="testCases.ValidLoginPageTest"/>
  <testcase name="t4" time="3.917" classname="testCases.ValidLoginPageTest"/>
  <testcase name="t3" time="0.0" classname="testCases.ValidLoginPageTest">
    <ignored/>
  </testcase> <!-- t3 -->
</testsuite> <!-- Test1 -->
