<?xml version="1.0" encoding="UTF-8"?>
<!-- Generated by org.testng.reporters.JUnitXMLReporter -->
<testsuite hostname="LAPTOP-PPS" ignored="0" name="Test3" tests="2" failures="1" timestamp="12 May 2022 06:52:20 GMT" time="7.514" errors="0">
  <testcase name="homeTitleTest" time="1.861" classname="testCases.HomePageTest"/>
  <testcase name="idTest" time="0.043" classname="testCases.HomePageTest">
    <failure type="java.lang.AssertionError" message="expected [Manger Id : mngr391197] but found [Manger Id : mngr406150]">
      <![CDATA[java.lang.AssertionError: expected [Manger Id : mngr391197] but found [Manger Id : mngr406150]
at testCases.HomePageTest.idTest(HomePageTest.java:48)
... Removed 31 stack frames]]>
    </failure>
  </testcase> <!-- idTest -->
</testsuite> <!-- Test3 -->
