<?xml version="1.0" encoding="UTF-8"?>
<!-- Generated by org.testng.reporters.JUnitXMLReporter -->
<testsuite hostname="LAPTOP-PPS" ignored="1" name="Test1" tests="3" failures="0" timestamp="14 Sep 2022 22:08:39 GMT" time="54.83" errors="0">
  <testcase name="t1" time="19.742" classname="testCases.ValidLoginPageTest"/>
  <testcase name="t2" time="0.795" classname="testCases.ValidLoginPageTest"/>
  <testcase name="t4" time="24.603" classname="testCases.ValidLoginPageTest"/>
  <testcase name="t3" time="0.0" classname="testCases.ValidLoginPageTest">
    <ignored/>
  </testcase> <!-- t3 -->
</testsuite> <!-- Test1 -->
