<?xml version="1.0" encoding="UTF-8"?>
<!-- Generated by org.testng.reporters.JUnitXMLReporter -->
<testsuite hostname="LAPTOP-PPS" ignored="1" tests="3" failures="0" timestamp="12 Dec 2021 19:25:20 GMT" time="12.108" errors="0">
  <testcase name="t1" time="5.607" classname="PracTest"/>
  <testcase name="t2" time="0.208" classname="PracTest"/>
  <testcase name="t4" time="2.908" classname="PracTest"/>
  <testcase name="t3" time="0.0" classname="PracTest">
    <ignored/>
  </testcase> <!-- t3 -->
</testsuite>
