<?xml version="1.0" encoding="UTF-8"?>
<!-- Generated by org.testng.reporters.JUnitXMLReporter -->
<testsuite hostname="LAPTOP-PPS" ignored="1" name="Test" tests="0" failures="0" timestamp="02 Jan 2022 10:47:44 GMT" time="0.023" errors="0">
  <testcase name="@AfterTest exit" time="0.01" classname="testCases.InvalidLoginPageTest">
    <failure type="java.lang.NullPointerException">
      <![CDATA[java.lang.NullPointerException
at testCases.InvalidLoginPageTest.exit(InvalidLoginPageTest.java:51)
... Removed 24 stack frames]]>
    </failure>
  </testcase> <!-- @AfterTest exit -->
  <testcase name="@AfterTest exit" time="0.0" classname="testCases.ValidLoginPageTest">
    <skipped/>
  </testcase> <!-- @AfterTest exit -->
  <testcase name="t3" time="0.0" classname="testCases.ValidLoginPageTest">
    <ignored/>
  </testcase> <!-- t3 -->
</testsuite> <!-- Test -->
