<?xml version="1.0" encoding="UTF-8"?>
<!-- Generated by org.testng.reporters.JUnitXMLReporter -->
<testsuite hostname="LAPTOP-PPS" ignored="0" name="Test3" tests="2" failures="1" timestamp="14 Sep 2022 20:36:59 GMT" time="28.444" errors="0">
  <testcase name="homeTitleTest" time="21.93" classname="testCases.HomePageTest"/>
  <testcase name="idTest" time="0.055" classname="testCases.HomePageTest">
    <failure type="java.lang.AssertionError" message="expected [Manger Id : mngr391197] but found [Manger Id : mngr437157]">
      <![CDATA[java.lang.AssertionError: expected [Manger Id : mngr391197] but found [Manger Id : mngr437157]
at testCases.HomePageTest.idTest(HomePageTest.java:48)
... Removed 31 stack frames]]>
    </failure>
  </testcase> <!-- idTest -->
</testsuite> <!-- Test3 -->
