<?xml version="1.0" encoding="UTF-8"?>
<testng-results skipped="0" failed="0" ignored="0" total="1" passed="1">
  <reporter-output>
  </reporter-output>
  <suite name="Default suite" duration-ms="35029" started-at="2022-09-16T01:27:57 IST" finished-at="2022-09-16T01:28:32 IST">
    <groups>
    </groups>
    <test name="Default test" duration-ms="35029" started-at="2022-09-16T01:27:57 IST" finished-at="2022-09-16T01:28:32 IST">
      <class name="testCases.NewTabTest">
        <test-method status="PASS" signature="setup()[pri:0, instance:testCases.NewTabTest@2a70a3d8]" name="setup" is-config="true" duration-ms="8912" started-at="2022-09-16T01:27:57 IST" finished-at="2022-09-16T01:28:06 IST">
          <reporter-output>
          </reporter-output>
        </test-method> <!-- setup -->
        <test-method status="PASS" signature="NewTabmethodTest()[pri:0, instance:testCases.NewTabTest@2a70a3d8]" name="NewTabmethodTest" duration-ms="25359" started-at="2022-09-16T01:28:06 IST" finished-at="2022-09-16T01:28:31 IST">
          <reporter-output>
          </reporter-output>
        </test-method> <!-- NewTabmethodTest -->
        <test-method status="PASS" signature="exit()[pri:0, instance:testCases.NewTabTest@2a70a3d8]" name="exit" is-config="true" duration-ms="714" started-at="2022-09-16T01:28:31 IST" finished-at="2022-09-16T01:28:32 IST">
          <reporter-output>
          </reporter-output>
        </test-method> <!-- exit -->
      </class> <!-- testCases.NewTabTest -->
    </test> <!-- Default test -->
  </suite> <!-- Default suite -->
</testng-results>
