<?xml version="1.0" encoding="UTF-8"?>
<testng-results ignored="0" total="2" passed="0" failed="0" skipped="2">
  <reporter-output>
  </reporter-output>
  <suite started-at="2022-02-08T07:21:58Z" name="Default suite" finished-at="2022-02-08T07:22:02Z" duration-ms="4162">
    <groups>
    </groups>
    <test started-at="2022-02-08T07:21:58Z" name="Default test" finished-at="2022-02-08T07:22:02Z" duration-ms="4162">
      <class name="testCases.NewCustomerTest">
        <test-method is-config="true" signature="setup()[pri:0, instance:testCases.NewCustomerTest@34bde49d]" started-at="2022-02-08T07:21:59Z" name="setup" finished-at="2022-02-08T07:22:02Z" duration-ms="2576" status="FAIL">
          <exception class="org.openqa.selenium.SessionNotCreatedException">
            <message>
              <![CDATA[session not created: This version of ChromeDriver only supports Chrome version 96
Current browser version is 98.0.4758.81 with binary path C:\Program Files (x86)\Google\Chrome\Application\chrome.exe
Build info: version: '3.141.59', revision: 'e82be7d358', time: '2018-11-14T08:17:03'
System info: host: 'LAPTOP-PPS', ip: '192.168.1.5', os.name: 'Windows 10', os.arch: 'amd64', os.version: '10.0', java.version: '17.0.1'
Driver info: driver.version: ChromeDriver
remote stacktrace: Backtrace:
Ordinal0 [0x00546903+2517251]
Ordinal0 [0x004DF8E1+2095329]
Ordinal0 [0x003E2848+1058888]
Ordinal0 [0x00400B9D+1182621]
Ordinal0 [0x003FCA60+1165920]
Ordinal0 [0x003FA2CF+1155791]
Ordinal0 [0x0042AAAF+1354415]
Ordinal0 [0x0042A71A+1353498]
Ordinal0 [0x0042639B+1336219]
Ordinal0 [0x004027A7+1189799]
Ordinal0 [0x00403609+1193481]
GetHandleVerifier [0x006D5904+1577972]
GetHandleVerifier [0x00780B97+2279047]
GetHandleVerifier [0x005D6D09+534521]
GetHandleVerifier [0x005D5DB9+530601]
Ordinal0 [0x004E4FF9+2117625]
Ordinal0 [0x004E98A8+2136232]
Ordinal0 [0x004E99E2+2136546]
Ordinal0 [0x004F3541+2176321]
BaseThreadInitThunk [0x76B3FA29+25]
RtlGetAppContainerNamedObjectPath [0x77B37A9E+286]
RtlGetAppContainerNamedObjectPath [0x77B37A6E+238]
]]>
            </message>
            <full-stacktrace>
              <![CDATA[org.openqa.selenium.SessionNotCreatedException: session not created: This version of ChromeDriver only supports Chrome version 96
Current browser version is 98.0.4758.81 with binary path C:\Program Files (x86)\Google\Chrome\Application\chrome.exe
Build info: version: '3.141.59', revision: 'e82be7d358', time: '2018-11-14T08:17:03'
System info: host: 'LAPTOP-PPS', ip: '192.168.1.5', os.name: 'Windows 10', os.arch: 'amd64', os.version: '10.0', java.version: '17.0.1'
Driver info: driver.version: ChromeDriver
remote stacktrace: Backtrace:
Ordinal0 [0x00546903+2517251]
Ordinal0 [0x004DF8E1+2095329]
Ordinal0 [0x003E2848+1058888]
Ordinal0 [0x00400B9D+1182621]
Ordinal0 [0x003FCA60+1165920]
Ordinal0 [0x003FA2CF+1155791]
Ordinal0 [0x0042AAAF+1354415]
Ordinal0 [0x0042A71A+1353498]
Ordinal0 [0x0042639B+1336219]
Ordinal0 [0x004027A7+1189799]
Ordinal0 [0x00403609+1193481]
GetHandleVerifier [0x006D5904+1577972]
GetHandleVerifier [0x00780B97+2279047]
GetHandleVerifier [0x005D6D09+534521]
GetHandleVerifier [0x005D5DB9+530601]
Ordinal0 [0x004E4FF9+2117625]
Ordinal0 [0x004E98A8+2136232]
Ordinal0 [0x004E99E2+2136546]
Ordinal0 [0x004F3541+2176321]
BaseThreadInitThunk [0x76B3FA29+25]
RtlGetAppContainerNamedObjectPath [0x77B37A9E+286]
RtlGetAppContainerNamedObjectPath [0x77B37A6E+238]

at java.base/jdk.internal.reflect.NativeConstructorAccessorImpl.newInstance0(Native Method)
at java.base/jdk.internal.reflect.NativeConstructorAccessorImpl.newInstance(NativeConstructorAccessorImpl.java:77)
at java.base/jdk.internal.reflect.DelegatingConstructorAccessorImpl.newInstance(DelegatingConstructorAccessorImpl.java:45)
at java.base/java.lang.reflect.Constructor.newInstanceWithCaller(Constructor.java:499)
at java.base/java.lang.reflect.Constructor.newInstance(Constructor.java:480)
at org.openqa.selenium.remote.W3CHandshakeResponse.lambda$errorHandler$0(W3CHandshakeResponse.java:62)
at org.openqa.selenium.remote.HandshakeResponse.lambda$getResponseFunction$0(HandshakeResponse.java:30)
at org.openqa.selenium.remote.ProtocolHandshake.lambda$createSession$0(ProtocolHandshake.java:126)
at java.base/java.util.stream.ReferencePipeline$3$1.accept(ReferencePipeline.java:197)
at java.base/java.util.Spliterators$ArraySpliterator.tryAdvance(Spliterators.java:1002)
at java.base/java.util.stream.ReferencePipeline.forEachWithCancel(ReferencePipeline.java:129)
at java.base/java.util.stream.AbstractPipeline.copyIntoWithCancel(AbstractPipeline.java:527)
at java.base/java.util.stream.AbstractPipeline.copyInto(AbstractPipeline.java:513)
at java.base/java.util.stream.AbstractPipeline.wrapAndCopyInto(AbstractPipeline.java:499)
at java.base/java.util.stream.FindOps$FindOp.evaluateSequential(FindOps.java:150)
at java.base/java.util.stream.AbstractPipeline.evaluate(AbstractPipeline.java:234)
at java.base/java.util.stream.ReferencePipeline.findFirst(ReferencePipeline.java:647)
at org.openqa.selenium.remote.ProtocolHandshake.createSession(ProtocolHandshake.java:128)
at org.openqa.selenium.remote.ProtocolHandshake.createSession(ProtocolHandshake.java:74)
at org.openqa.selenium.remote.HttpCommandExecutor.execute(HttpCommandExecutor.java:136)
at org.openqa.selenium.remote.service.DriverCommandExecutor.execute(DriverCommandExecutor.java:83)
at org.openqa.selenium.remote.RemoteWebDriver.execute(RemoteWebDriver.java:552)
at org.openqa.selenium.remote.RemoteWebDriver.startSession(RemoteWebDriver.java:213)
at org.openqa.selenium.remote.RemoteWebDriver.<init>(RemoteWebDriver.java:131)
at org.openqa.selenium.chrome.ChromeDriver.<init>(ChromeDriver.java:181)
at org.openqa.selenium.chrome.ChromeDriver.<init>(ChromeDriver.java:168)
at org.openqa.selenium.chrome.ChromeDriver.<init>(ChromeDriver.java:123)
at pages.Base.launch(Base.java:38)
at testCases.NewCustomerTest.setup(NewCustomerTest.java:37)
at java.base/jdk.internal.reflect.NativeMethodAccessorImpl.invoke0(Native Method)
at java.base/jdk.internal.reflect.NativeMethodAccessorImpl.invoke(NativeMethodAccessorImpl.java:77)
at java.base/jdk.internal.reflect.DelegatingMethodAccessorImpl.invoke(DelegatingMethodAccessorImpl.java:43)
at java.base/java.lang.reflect.Method.invoke(Method.java:568)
at org.testng.internal.MethodInvocationHelper.invokeMethod(MethodInvocationHelper.java:124)
at org.testng.internal.MethodInvocationHelper.invokeMethodConsideringTimeout(MethodInvocationHelper.java:59)
at org.testng.internal.Invoker.invokeConfigurationMethod(Invoker.java:458)
at org.testng.internal.Invoker.invokeConfigurations(Invoker.java:222)
at org.testng.internal.Invoker.invokeMethod(Invoker.java:523)
at org.testng.internal.Invoker.invokeTestMethod(Invoker.java:719)
at org.testng.internal.Invoker.invokeTestMethods(Invoker.java:989)
at org.testng.internal.TestMethodWorker.invokeTestMethods(TestMethodWorker.java:125)
at org.testng.internal.TestMethodWorker.run(TestMethodWorker.java:109)
at org.testng.TestRunner.privateRun(TestRunner.java:648)
at org.testng.TestRunner.run(TestRunner.java:505)
at org.testng.SuiteRunner.runTest(SuiteRunner.java:455)
at org.testng.SuiteRunner.runSequentially(SuiteRunner.java:450)
at org.testng.SuiteRunner.privateRun(SuiteRunner.java:415)
at org.testng.SuiteRunner.run(SuiteRunner.java:364)
at org.testng.SuiteRunnerWorker.runSuite(SuiteRunnerWorker.java:52)
at org.testng.SuiteRunnerWorker.run(SuiteRunnerWorker.java:84)
at org.testng.TestNG.runSuitesSequentially(TestNG.java:1208)
at org.testng.TestNG.runSuitesLocally(TestNG.java:1137)
at org.testng.TestNG.runSuites(TestNG.java:1049)
at org.testng.TestNG.run(TestNG.java:1017)
at org.testng.remote.AbstractRemoteTestNG.run(AbstractRemoteTestNG.java:115)
at org.testng.remote.RemoteTestNG.initAndRun(RemoteTestNG.java:251)
at org.testng.remote.RemoteTestNG.main(RemoteTestNG.java:77)
]]>
            </full-stacktrace>
          </exception> <!-- org.openqa.selenium.SessionNotCreatedException -->
          <reporter-output>
          </reporter-output>
        </test-method> <!-- setup -->
        <test-method signature="addNewCustomerTest(java.lang.String, java.lang.String, java.lang.String, java.lang.String, java.lang.String, java.lang.String, java.lang.String, java.lang.String, java.lang.String)[pri:1, instance:testCases.NewCustomerTest@34bde49d]" started-at="2022-02-08T07:22:02Z" name="addNewCustomerTest" data-provider="dataexcel" finished-at="2022-02-08T07:22:02Z" duration-ms="0" status="SKIP">
          <exception class="org.openqa.selenium.SessionNotCreatedException">
            <message>
              <![CDATA[session not created: This version of ChromeDriver only supports Chrome version 96
Current browser version is 98.0.4758.81 with binary path C:\Program Files (x86)\Google\Chrome\Application\chrome.exe
Build info: version: '3.141.59', revision: 'e82be7d358', time: '2018-11-14T08:17:03'
System info: host: 'LAPTOP-PPS', ip: '192.168.1.5', os.name: 'Windows 10', os.arch: 'amd64', os.version: '10.0', java.version: '17.0.1'
Driver info: driver.version: ChromeDriver
remote stacktrace: Backtrace:
Ordinal0 [0x00546903+2517251]
Ordinal0 [0x004DF8E1+2095329]
Ordinal0 [0x003E2848+1058888]
Ordinal0 [0x00400B9D+1182621]
Ordinal0 [0x003FCA60+1165920]
Ordinal0 [0x003FA2CF+1155791]
Ordinal0 [0x0042AAAF+1354415]
Ordinal0 [0x0042A71A+1353498]
Ordinal0 [0x0042639B+1336219]
Ordinal0 [0x004027A7+1189799]
Ordinal0 [0x00403609+1193481]
GetHandleVerifier [0x006D5904+1577972]
GetHandleVerifier [0x00780B97+2279047]
GetHandleVerifier [0x005D6D09+534521]
GetHandleVerifier [0x005D5DB9+530601]
Ordinal0 [0x004E4FF9+2117625]
Ordinal0 [0x004E98A8+2136232]
Ordinal0 [0x004E99E2+2136546]
Ordinal0 [0x004F3541+2176321]
BaseThreadInitThunk [0x76B3FA29+25]
RtlGetAppContainerNamedObjectPath [0x77B37A9E+286]
RtlGetAppContainerNamedObjectPath [0x77B37A6E+238]
]]>
            </message>
            <full-stacktrace>
              <![CDATA[org.openqa.selenium.SessionNotCreatedException: session not created: This version of ChromeDriver only supports Chrome version 96
Current browser version is 98.0.4758.81 with binary path C:\Program Files (x86)\Google\Chrome\Application\chrome.exe
Build info: version: '3.141.59', revision: 'e82be7d358', time: '2018-11-14T08:17:03'
System info: host: 'LAPTOP-PPS', ip: '192.168.1.5', os.name: 'Windows 10', os.arch: 'amd64', os.version: '10.0', java.version: '17.0.1'
Driver info: driver.version: ChromeDriver
remote stacktrace: Backtrace:
Ordinal0 [0x00546903+2517251]
Ordinal0 [0x004DF8E1+2095329]
Ordinal0 [0x003E2848+1058888]
Ordinal0 [0x00400B9D+1182621]
Ordinal0 [0x003FCA60+1165920]
Ordinal0 [0x003FA2CF+1155791]
Ordinal0 [0x0042AAAF+1354415]
Ordinal0 [0x0042A71A+1353498]
Ordinal0 [0x0042639B+1336219]
Ordinal0 [0x004027A7+1189799]
Ordinal0 [0x00403609+1193481]
GetHandleVerifier [0x006D5904+1577972]
GetHandleVerifier [0x00780B97+2279047]
GetHandleVerifier [0x005D6D09+534521]
GetHandleVerifier [0x005D5DB9+530601]
Ordinal0 [0x004E4FF9+2117625]
Ordinal0 [0x004E98A8+2136232]
Ordinal0 [0x004E99E2+2136546]
Ordinal0 [0x004F3541+2176321]
BaseThreadInitThunk [0x76B3FA29+25]
RtlGetAppContainerNamedObjectPath [0x77B37A9E+286]
RtlGetAppContainerNamedObjectPath [0x77B37A6E+238]

at java.base/jdk.internal.reflect.NativeConstructorAccessorImpl.newInstance0(Native Method)
at java.base/jdk.internal.reflect.NativeConstructorAccessorImpl.newInstance(NativeConstructorAccessorImpl.java:77)
at java.base/jdk.internal.reflect.DelegatingConstructorAccessorImpl.newInstance(DelegatingConstructorAccessorImpl.java:45)
at java.base/java.lang.reflect.Constructor.newInstanceWithCaller(Constructor.java:499)
at java.base/java.lang.reflect.Constructor.newInstance(Constructor.java:480)
at org.openqa.selenium.remote.W3CHandshakeResponse.lambda$errorHandler$0(W3CHandshakeResponse.java:62)
at org.openqa.selenium.remote.HandshakeResponse.lambda$getResponseFunction$0(HandshakeResponse.java:30)
at org.openqa.selenium.remote.ProtocolHandshake.lambda$createSession$0(ProtocolHandshake.java:126)
at java.base/java.util.stream.ReferencePipeline$3$1.accept(ReferencePipeline.java:197)
at java.base/java.util.Spliterators$ArraySpliterator.tryAdvance(Spliterators.java:1002)
at java.base/java.util.stream.ReferencePipeline.forEachWithCancel(ReferencePipeline.java:129)
at java.base/java.util.stream.AbstractPipeline.copyIntoWithCancel(AbstractPipeline.java:527)
at java.base/java.util.stream.AbstractPipeline.copyInto(AbstractPipeline.java:513)
at java.base/java.util.stream.AbstractPipeline.wrapAndCopyInto(AbstractPipeline.java:499)
at java.base/java.util.stream.FindOps$FindOp.evaluateSequential(FindOps.java:150)
at java.base/java.util.stream.AbstractPipeline.evaluate(AbstractPipeline.java:234)
at java.base/java.util.stream.ReferencePipeline.findFirst(ReferencePipeline.java:647)
at org.openqa.selenium.remote.ProtocolHandshake.createSession(ProtocolHandshake.java:128)
at org.openqa.selenium.remote.ProtocolHandshake.createSession(ProtocolHandshake.java:74)
at org.openqa.selenium.remote.HttpCommandExecutor.execute(HttpCommandExecutor.java:136)
at org.openqa.selenium.remote.service.DriverCommandExecutor.execute(DriverCommandExecutor.java:83)
at org.openqa.selenium.remote.RemoteWebDriver.execute(RemoteWebDriver.java:552)
at org.openqa.selenium.remote.RemoteWebDriver.startSession(RemoteWebDriver.java:213)
at org.openqa.selenium.remote.RemoteWebDriver.<init>(RemoteWebDriver.java:131)
at org.openqa.selenium.chrome.ChromeDriver.<init>(ChromeDriver.java:181)
at org.openqa.selenium.chrome.ChromeDriver.<init>(ChromeDriver.java:168)
at org.openqa.selenium.chrome.ChromeDriver.<init>(ChromeDriver.java:123)
at pages.Base.launch(Base.java:38)
at testCases.NewCustomerTest.setup(NewCustomerTest.java:37)
at java.base/jdk.internal.reflect.NativeMethodAccessorImpl.invoke0(Native Method)
at java.base/jdk.internal.reflect.NativeMethodAccessorImpl.invoke(NativeMethodAccessorImpl.java:77)
at java.base/jdk.internal.reflect.DelegatingMethodAccessorImpl.invoke(DelegatingMethodAccessorImpl.java:43)
at java.base/java.lang.reflect.Method.invoke(Method.java:568)
at org.testng.internal.MethodInvocationHelper.invokeMethod(MethodInvocationHelper.java:124)
at org.testng.internal.MethodInvocationHelper.invokeMethodConsideringTimeout(MethodInvocationHelper.java:59)
at org.testng.internal.Invoker.invokeConfigurationMethod(Invoker.java:458)
at org.testng.internal.Invoker.invokeConfigurations(Invoker.java:222)
at org.testng.internal.Invoker.invokeMethod(Invoker.java:523)
at org.testng.internal.Invoker.invokeTestMethod(Invoker.java:719)
at org.testng.internal.Invoker.invokeTestMethods(Invoker.java:989)
at org.testng.internal.TestMethodWorker.invokeTestMethods(TestMethodWorker.java:125)
at org.testng.internal.TestMethodWorker.run(TestMethodWorker.java:109)
at org.testng.TestRunner.privateRun(TestRunner.java:648)
at org.testng.TestRunner.run(TestRunner.java:505)
at org.testng.SuiteRunner.runTest(SuiteRunner.java:455)
at org.testng.SuiteRunner.runSequentially(SuiteRunner.java:450)
at org.testng.SuiteRunner.privateRun(SuiteRunner.java:415)
at org.testng.SuiteRunner.run(SuiteRunner.java:364)
at org.testng.SuiteRunnerWorker.runSuite(SuiteRunnerWorker.java:52)
at org.testng.SuiteRunnerWorker.run(SuiteRunnerWorker.java:84)
at org.testng.TestNG.runSuitesSequentially(TestNG.java:1208)
at org.testng.TestNG.runSuitesLocally(TestNG.java:1137)
at org.testng.TestNG.runSuites(TestNG.java:1049)
at org.testng.TestNG.run(TestNG.java:1017)
at org.testng.remote.AbstractRemoteTestNG.run(AbstractRemoteTestNG.java:115)
at org.testng.remote.RemoteTestNG.initAndRun(RemoteTestNG.java:251)
at org.testng.remote.RemoteTestNG.main(RemoteTestNG.java:77)
]]>
            </full-stacktrace>
          </exception> <!-- org.openqa.selenium.SessionNotCreatedException -->
          <reporter-output>
          </reporter-output>
        </test-method> <!-- addNewCustomerTest -->
        <test-method is-config="true" signature="setup()[pri:0, instance:testCases.NewCustomerTest@34bde49d]" started-at="2022-02-08T07:22:02Z" name="setup" finished-at="2022-02-08T07:22:02Z" duration-ms="0" status="SKIP">
          <reporter-output>
          </reporter-output>
        </test-method> <!-- setup -->
        <test-method signature="addNewCustomerTest(java.lang.String, java.lang.String, java.lang.String, java.lang.String, java.lang.String, java.lang.String, java.lang.String, java.lang.String, java.lang.String)[pri:1, instance:testCases.NewCustomerTest@34bde49d]" started-at="2022-02-08T07:22:02Z" name="addNewCustomerTest" data-provider="dataexcel" finished-at="2022-02-08T07:22:02Z" duration-ms="0" status="SKIP">
          <exception class="org.openqa.selenium.SessionNotCreatedException">
            <message>
              <![CDATA[session not created: This version of ChromeDriver only supports Chrome version 96
Current browser version is 98.0.4758.81 with binary path C:\Program Files (x86)\Google\Chrome\Application\chrome.exe
Build info: version: '3.141.59', revision: 'e82be7d358', time: '2018-11-14T08:17:03'
System info: host: 'LAPTOP-PPS', ip: '192.168.1.5', os.name: 'Windows 10', os.arch: 'amd64', os.version: '10.0', java.version: '17.0.1'
Driver info: driver.version: ChromeDriver
remote stacktrace: Backtrace:
Ordinal0 [0x00546903+2517251]
Ordinal0 [0x004DF8E1+2095329]
Ordinal0 [0x003E2848+1058888]
Ordinal0 [0x00400B9D+1182621]
Ordinal0 [0x003FCA60+1165920]
Ordinal0 [0x003FA2CF+1155791]
Ordinal0 [0x0042AAAF+1354415]
Ordinal0 [0x0042A71A+1353498]
Ordinal0 [0x0042639B+1336219]
Ordinal0 [0x004027A7+1189799]
Ordinal0 [0x00403609+1193481]
GetHandleVerifier [0x006D5904+1577972]
GetHandleVerifier [0x00780B97+2279047]
GetHandleVerifier [0x005D6D09+534521]
GetHandleVerifier [0x005D5DB9+530601]
Ordinal0 [0x004E4FF9+2117625]
Ordinal0 [0x004E98A8+2136232]
Ordinal0 [0x004E99E2+2136546]
Ordinal0 [0x004F3541+2176321]
BaseThreadInitThunk [0x76B3FA29+25]
RtlGetAppContainerNamedObjectPath [0x77B37A9E+286]
RtlGetAppContainerNamedObjectPath [0x77B37A6E+238]
]]>
            </message>
            <full-stacktrace>
              <![CDATA[org.openqa.selenium.SessionNotCreatedException: session not created: This version of ChromeDriver only supports Chrome version 96
Current browser version is 98.0.4758.81 with binary path C:\Program Files (x86)\Google\Chrome\Application\chrome.exe
Build info: version: '3.141.59', revision: 'e82be7d358', time: '2018-11-14T08:17:03'
System info: host: 'LAPTOP-PPS', ip: '192.168.1.5', os.name: 'Windows 10', os.arch: 'amd64', os.version: '10.0', java.version: '17.0.1'
Driver info: driver.version: ChromeDriver
remote stacktrace: Backtrace:
Ordinal0 [0x00546903+2517251]
Ordinal0 [0x004DF8E1+2095329]
Ordinal0 [0x003E2848+1058888]
Ordinal0 [0x00400B9D+1182621]
Ordinal0 [0x003FCA60+1165920]
Ordinal0 [0x003FA2CF+1155791]
Ordinal0 [0x0042AAAF+1354415]
Ordinal0 [0x0042A71A+1353498]
Ordinal0 [0x0042639B+1336219]
Ordinal0 [0x004027A7+1189799]
Ordinal0 [0x00403609+1193481]
GetHandleVerifier [0x006D5904+1577972]
GetHandleVerifier [0x00780B97+2279047]
GetHandleVerifier [0x005D6D09+534521]
GetHandleVerifier [0x005D5DB9+530601]
Ordinal0 [0x004E4FF9+2117625]
Ordinal0 [0x004E98A8+2136232]
Ordinal0 [0x004E99E2+2136546]
Ordinal0 [0x004F3541+2176321]
BaseThreadInitThunk [0x76B3FA29+25]
RtlGetAppContainerNamedObjectPath [0x77B37A9E+286]
RtlGetAppContainerNamedObjectPath [0x77B37A6E+238]

at java.base/jdk.internal.reflect.NativeConstructorAccessorImpl.newInstance0(Native Method)
at java.base/jdk.internal.reflect.NativeConstructorAccessorImpl.newInstance(NativeConstructorAccessorImpl.java:77)
at java.base/jdk.internal.reflect.DelegatingConstructorAccessorImpl.newInstance(DelegatingConstructorAccessorImpl.java:45)
at java.base/java.lang.reflect.Constructor.newInstanceWithCaller(Constructor.java:499)
at java.base/java.lang.reflect.Constructor.newInstance(Constructor.java:480)
at org.openqa.selenium.remote.W3CHandshakeResponse.lambda$errorHandler$0(W3CHandshakeResponse.java:62)
at org.openqa.selenium.remote.HandshakeResponse.lambda$getResponseFunction$0(HandshakeResponse.java:30)
at org.openqa.selenium.remote.ProtocolHandshake.lambda$createSession$0(ProtocolHandshake.java:126)
at java.base/java.util.stream.ReferencePipeline$3$1.accept(ReferencePipeline.java:197)
at java.base/java.util.Spliterators$ArraySpliterator.tryAdvance(Spliterators.java:1002)
at java.base/java.util.stream.ReferencePipeline.forEachWithCancel(ReferencePipeline.java:129)
at java.base/java.util.stream.AbstractPipeline.copyIntoWithCancel(AbstractPipeline.java:527)
at java.base/java.util.stream.AbstractPipeline.copyInto(AbstractPipeline.java:513)
at java.base/java.util.stream.AbstractPipeline.wrapAndCopyInto(AbstractPipeline.java:499)
at java.base/java.util.stream.FindOps$FindOp.evaluateSequential(FindOps.java:150)
at java.base/java.util.stream.AbstractPipeline.evaluate(AbstractPipeline.java:234)
at java.base/java.util.stream.ReferencePipeline.findFirst(ReferencePipeline.java:647)
at org.openqa.selenium.remote.ProtocolHandshake.createSession(ProtocolHandshake.java:128)
at org.openqa.selenium.remote.ProtocolHandshake.createSession(ProtocolHandshake.java:74)
at org.openqa.selenium.remote.HttpCommandExecutor.execute(HttpCommandExecutor.java:136)
at org.openqa.selenium.remote.service.DriverCommandExecutor.execute(DriverCommandExecutor.java:83)
at org.openqa.selenium.remote.RemoteWebDriver.execute(RemoteWebDriver.java:552)
at org.openqa.selenium.remote.RemoteWebDriver.startSession(RemoteWebDriver.java:213)
at org.openqa.selenium.remote.RemoteWebDriver.<init>(RemoteWebDriver.java:131)
at org.openqa.selenium.chrome.ChromeDriver.<init>(ChromeDriver.java:181)
at org.openqa.selenium.chrome.ChromeDriver.<init>(ChromeDriver.java:168)
at org.openqa.selenium.chrome.ChromeDriver.<init>(ChromeDriver.java:123)
at pages.Base.launch(Base.java:38)
at testCases.NewCustomerTest.setup(NewCustomerTest.java:37)
at java.base/jdk.internal.reflect.NativeMethodAccessorImpl.invoke0(Native Method)
at java.base/jdk.internal.reflect.NativeMethodAccessorImpl.invoke(NativeMethodAccessorImpl.java:77)
at java.base/jdk.internal.reflect.DelegatingMethodAccessorImpl.invoke(DelegatingMethodAccessorImpl.java:43)
at java.base/java.lang.reflect.Method.invoke(Method.java:568)
at org.testng.internal.MethodInvocationHelper.invokeMethod(MethodInvocationHelper.java:124)
at org.testng.internal.MethodInvocationHelper.invokeMethodConsideringTimeout(MethodInvocationHelper.java:59)
at org.testng.internal.Invoker.invokeConfigurationMethod(Invoker.java:458)
at org.testng.internal.Invoker.invokeConfigurations(Invoker.java:222)
at org.testng.internal.Invoker.invokeMethod(Invoker.java:523)
at org.testng.internal.Invoker.invokeTestMethod(Invoker.java:719)
at org.testng.internal.Invoker.invokeTestMethods(Invoker.java:989)
at org.testng.internal.TestMethodWorker.invokeTestMethods(TestMethodWorker.java:125)
at org.testng.internal.TestMethodWorker.run(TestMethodWorker.java:109)
at org.testng.TestRunner.privateRun(TestRunner.java:648)
at org.testng.TestRunner.run(TestRunner.java:505)
at org.testng.SuiteRunner.runTest(SuiteRunner.java:455)
at org.testng.SuiteRunner.runSequentially(SuiteRunner.java:450)
at org.testng.SuiteRunner.privateRun(SuiteRunner.java:415)
at org.testng.SuiteRunner.run(SuiteRunner.java:364)
at org.testng.SuiteRunnerWorker.runSuite(SuiteRunnerWorker.java:52)
at org.testng.SuiteRunnerWorker.run(SuiteRunnerWorker.java:84)
at org.testng.TestNG.runSuitesSequentially(TestNG.java:1208)
at org.testng.TestNG.runSuitesLocally(TestNG.java:1137)
at org.testng.TestNG.runSuites(TestNG.java:1049)
at org.testng.TestNG.run(TestNG.java:1017)
at org.testng.remote.AbstractRemoteTestNG.run(AbstractRemoteTestNG.java:115)
at org.testng.remote.RemoteTestNG.initAndRun(RemoteTestNG.java:251)
at org.testng.remote.RemoteTestNG.main(RemoteTestNG.java:77)
]]>
            </full-stacktrace>
          </exception> <!-- org.openqa.selenium.SessionNotCreatedException -->
          <reporter-output>
          </reporter-output>
        </test-method> <!-- addNewCustomerTest -->
        <test-method is-config="true" signature="exit()[pri:0, instance:testCases.NewCustomerTest@34bde49d]" started-at="2022-02-08T07:22:02Z" name="exit" finished-at="2022-02-08T07:22:02Z" duration-ms="0" status="SKIP">
          <reporter-output>
          </reporter-output>
        </test-method> <!-- exit -->
      </class> <!-- testCases.NewCustomerTest -->
    </test> <!-- Default test -->
  </suite> <!-- Default suite -->
</testng-results>
